c:\users\vivobook_x512da\source\repos\homework---fmibook\project1\project1\debug\vc142.pdb
c:\users\vivobook_x512da\source\repos\homework---fmibook\project1\project1\debug\vc142.idb
c:\users\vivobook_x512da\source\repos\homework---fmibook\project1\project1\debug\user.obj
c:\users\vivobook_x512da\source\repos\homework---fmibook\project1\project1\debug\publication.obj
c:\users\vivobook_x512da\source\repos\homework---fmibook\project1\project1\debug\moderator.obj
c:\users\vivobook_x512da\source\repos\homework---fmibook\project1\project1\debug\main.obj
c:\users\vivobook_x512da\source\repos\homework---fmibook\project1\project1\debug\administrator.obj
c:\users\vivobook_x512da\source\repos\homework---fmibook\project1\project1\debug\textpublication.obj
c:\users\vivobook_x512da\source\repos\homework---fmibook\project1\project1\debug\linkpublication.obj
c:\users\vivobook_x512da\source\repos\homework---fmibook\project1\project1\debug\imagepublication.obj
c:\users\vivobook_x512da\source\repos\homework---fmibook\project1\project1\debug\socialnetwork.obj
c:\users\vivobook_x512da\source\repos\homework---fmibook\project1\project1\debug\usersystem.obj
c:\users\vivobook_x512da\source\repos\homework---fmibook\project1\debug\project1.exe
c:\users\vivobook_x512da\source\repos\homework---fmibook\project1\debug\project1.ilk
c:\users\vivobook_x512da\source\repos\homework---fmibook\project1\debug\project1.pdb
c:\users\vivobook_x512da\source\repos\homework---fmibook\project1\project1\debug\main.obj.enc
c:\users\vivobook_x512da\source\repos\homework---fmibook\project1\project1\debug\project1.tlog\cl.command.1.tlog
c:\users\vivobook_x512da\source\repos\homework---fmibook\project1\project1\debug\project1.tlog\cl.read.1.tlog
c:\users\vivobook_x512da\source\repos\homework---fmibook\project1\project1\debug\project1.tlog\cl.write.1.tlog
c:\users\vivobook_x512da\source\repos\homework---fmibook\project1\project1\debug\project1.tlog\link.command.1.tlog
c:\users\vivobook_x512da\source\repos\homework---fmibook\project1\project1\debug\project1.tlog\link.read.1.tlog
c:\users\vivobook_x512da\source\repos\homework---fmibook\project1\project1\debug\project1.tlog\link.write.1.tlog
